<?xml version="1.0" encoding="UTF-8"?>
<!-- Generated by org.testng.reporters.JUnitXMLReporter -->
<testsuite hostname="DESKTOP-SK32KMA" name="Test" tests="4" failures="0" timestamp="19 May 2022 05:32:02 GMT" time="50.099" errors="0">
  <testcase name="Tc1" time="32.485" classname="org.login.TreeManager"/>
  <testcase name="Tc2" time="3.539" classname="org.login.TreeManager"/>
  <testcase name="Tc3" time="5.227" classname="org.login.TreeManager"/>
  <testcase name="Tc4" time="5.031" classname="org.login.TreeManager"/>
</testsuite> <!-- Test -->
