<?xml version="1.0" encoding="UTF-8"?>
<!-- Generated by org.testng.reporters.JUnitXMLReporter -->
<testsuite hostname="DESKTOP-SK32KMA" name="Test" tests="4" failures="0" timestamp="19 May 2022 09:14:17 GMT" time="42.137" errors="0">
  <testcase name="Tc1" time="24.345" classname="org.login.TreeManager"/>
  <testcase name="Tc2" time="3.522" classname="org.login.TreeManager"/>
  <testcase name="Tc3" time="5.329" classname="org.login.TreeManager"/>
  <testcase name="Tc4" time="4.931" classname="org.login.TreeManager"/>
</testsuite> <!-- Test -->
