<?xml version="1.0" encoding="UTF-8"?>
<testng-results skipped="0" failed="0" total="4" passed="4">
  <reporter-output>
  </reporter-output>
  <suite name="Suite" duration-ms="50099" started-at="2022-05-19T05:31:12Z" finished-at="2022-05-19T05:32:02Z">
    <groups>
    </groups>
    <test name="Test" duration-ms="50099" started-at="2022-05-19T05:31:12Z" finished-at="2022-05-19T05:32:02Z">
      <class name="org.login.TreeManager">
        <test-method status="PASS" signature="browserLaunch()[pri:0, instance:org.login.TreeManager@20e2cbe0]" name="browserLaunch" is-config="true" duration-ms="3152" started-at="2022-05-19T11:01:12Z" finished-at="2022-05-19T11:01:15Z">
          <reporter-output>
          </reporter-output>
        </test-method> <!-- browserLaunch -->
        <test-method status="PASS" signature="startTime()[pri:0, instance:org.login.TreeManager@20e2cbe0]" name="startTime" is-config="true" duration-ms="4" started-at="2022-05-19T11:01:15Z" finished-at="2022-05-19T11:01:15Z">
          <reporter-output>
          </reporter-output>
        </test-method> <!-- startTime -->
        <test-method status="PASS" signature="Tc1()[pri:0, instance:org.login.TreeManager@20e2cbe0]" name="Tc1" duration-ms="32485" started-at="2022-05-19T11:01:15Z" finished-at="2022-05-19T11:01:48Z">
          <reporter-output>
          </reporter-output>
        </test-method> <!-- Tc1 -->
        <test-method status="PASS" signature="endTime()[pri:0, instance:org.login.TreeManager@20e2cbe0]" name="endTime" is-config="true" duration-ms="5" started-at="2022-05-19T11:01:48Z" finished-at="2022-05-19T11:01:48Z">
          <reporter-output>
          </reporter-output>
        </test-method> <!-- endTime -->
        <test-method status="PASS" signature="startTime()[pri:0, instance:org.login.TreeManager@20e2cbe0]" name="startTime" is-config="true" duration-ms="1" started-at="2022-05-19T11:01:48Z" finished-at="2022-05-19T11:01:48Z">
          <reporter-output>
          </reporter-output>
        </test-method> <!-- startTime -->
        <test-method status="PASS" signature="Tc2()[pri:0, instance:org.login.TreeManager@20e2cbe0]" name="Tc2" duration-ms="3539" started-at="2022-05-19T11:01:48Z" finished-at="2022-05-19T11:01:51Z">
          <reporter-output>
          </reporter-output>
        </test-method> <!-- Tc2 -->
        <test-method status="PASS" signature="endTime()[pri:0, instance:org.login.TreeManager@20e2cbe0]" name="endTime" is-config="true" duration-ms="0" started-at="2022-05-19T11:01:51Z" finished-at="2022-05-19T11:01:51Z">
          <reporter-output>
          </reporter-output>
        </test-method> <!-- endTime -->
        <test-method status="PASS" signature="startTime()[pri:0, instance:org.login.TreeManager@20e2cbe0]" name="startTime" is-config="true" duration-ms="0" started-at="2022-05-19T11:01:51Z" finished-at="2022-05-19T11:01:51Z">
          <reporter-output>
          </reporter-output>
        </test-method> <!-- startTime -->
        <test-method status="PASS" signature="Tc3()[pri:0, instance:org.login.TreeManager@20e2cbe0]" name="Tc3" duration-ms="5227" started-at="2022-05-19T11:01:51Z" finished-at="2022-05-19T11:01:56Z">
          <reporter-output>
          </reporter-output>
        </test-method> <!-- Tc3 -->
        <test-method status="PASS" signature="endTime()[pri:0, instance:org.login.TreeManager@20e2cbe0]" name="endTime" is-config="true" duration-ms="1" started-at="2022-05-19T11:01:56Z" finished-at="2022-05-19T11:01:56Z">
          <reporter-output>
          </reporter-output>
        </test-method> <!-- endTime -->
        <test-method status="PASS" signature="startTime()[pri:0, instance:org.login.TreeManager@20e2cbe0]" name="startTime" is-config="true" duration-ms="1" started-at="2022-05-19T11:01:56Z" finished-at="2022-05-19T11:01:56Z">
          <reporter-output>
          </reporter-output>
        </test-method> <!-- startTime -->
        <test-method status="PASS" signature="Tc4()[pri:0, instance:org.login.TreeManager@20e2cbe0]" name="Tc4" duration-ms="5031" started-at="2022-05-19T11:01:56Z" finished-at="2022-05-19T11:02:01Z">
          <reporter-output>
          </reporter-output>
        </test-method> <!-- Tc4 -->
        <test-method status="PASS" signature="endTime()[pri:0, instance:org.login.TreeManager@20e2cbe0]" name="endTime" is-config="true" duration-ms="1" started-at="2022-05-19T11:02:01Z" finished-at="2022-05-19T11:02:01Z">
          <reporter-output>
          </reporter-output>
        </test-method> <!-- endTime -->
        <test-method status="PASS" signature="closeBrowser()[pri:0, instance:org.login.TreeManager@20e2cbe0]" name="closeBrowser" is-config="true" duration-ms="573" started-at="2022-05-19T11:02:01Z" finished-at="2022-05-19T11:02:02Z">
          <reporter-output>
          </reporter-output>
        </test-method> <!-- closeBrowser -->
      </class> <!-- org.login.TreeManager -->
    </test> <!-- Test -->
  </suite> <!-- Suite -->
</testng-results>
