<?xml version="1.0" encoding="UTF-8"?>
<testng-results skipped="0" failed="0" total="4" passed="4">
  <reporter-output>
  </reporter-output>
  <suite name="Suite" duration-ms="42137" started-at="2022-05-19T09:13:35Z" finished-at="2022-05-19T09:14:17Z">
    <groups>
    </groups>
    <test name="Test" duration-ms="42137" started-at="2022-05-19T09:13:35Z" finished-at="2022-05-19T09:14:17Z">
      <class name="org.login.TreeManager">
        <test-method status="PASS" signature="browserLaunch()[pri:0, instance:org.login.TreeManager@20e2cbe0]" name="browserLaunch" is-config="true" duration-ms="3526" started-at="2022-05-19T14:43:35Z" finished-at="2022-05-19T14:43:39Z">
          <reporter-output>
          </reporter-output>
        </test-method> <!-- browserLaunch -->
        <test-method status="PASS" signature="startTime()[pri:0, instance:org.login.TreeManager@20e2cbe0]" name="startTime" is-config="true" duration-ms="0" started-at="2022-05-19T14:43:39Z" finished-at="2022-05-19T14:43:39Z">
          <reporter-output>
          </reporter-output>
        </test-method> <!-- startTime -->
        <test-method status="PASS" signature="Tc1()[pri:0, instance:org.login.TreeManager@20e2cbe0]" name="Tc1" duration-ms="24345" started-at="2022-05-19T14:43:39Z" finished-at="2022-05-19T14:44:03Z">
          <reporter-output>
          </reporter-output>
        </test-method> <!-- Tc1 -->
        <test-method status="PASS" signature="endTime()[pri:0, instance:org.login.TreeManager@20e2cbe0]" name="endTime" is-config="true" duration-ms="0" started-at="2022-05-19T14:44:03Z" finished-at="2022-05-19T14:44:03Z">
          <reporter-output>
          </reporter-output>
        </test-method> <!-- endTime -->
        <test-method status="PASS" signature="startTime()[pri:0, instance:org.login.TreeManager@20e2cbe0]" name="startTime" is-config="true" duration-ms="0" started-at="2022-05-19T14:44:03Z" finished-at="2022-05-19T14:44:03Z">
          <reporter-output>
          </reporter-output>
        </test-method> <!-- startTime -->
        <test-method status="PASS" signature="Tc2()[pri:0, instance:org.login.TreeManager@20e2cbe0]" name="Tc2" duration-ms="3522" started-at="2022-05-19T14:44:03Z" finished-at="2022-05-19T14:44:07Z">
          <reporter-output>
          </reporter-output>
        </test-method> <!-- Tc2 -->
        <test-method status="PASS" signature="endTime()[pri:0, instance:org.login.TreeManager@20e2cbe0]" name="endTime" is-config="true" duration-ms="3" started-at="2022-05-19T14:44:07Z" finished-at="2022-05-19T14:44:07Z">
          <reporter-output>
          </reporter-output>
        </test-method> <!-- endTime -->
        <test-method status="PASS" signature="startTime()[pri:0, instance:org.login.TreeManager@20e2cbe0]" name="startTime" is-config="true" duration-ms="2" started-at="2022-05-19T14:44:07Z" finished-at="2022-05-19T14:44:07Z">
          <reporter-output>
          </reporter-output>
        </test-method> <!-- startTime -->
        <test-method status="PASS" signature="Tc3()[pri:0, instance:org.login.TreeManager@20e2cbe0]" name="Tc3" duration-ms="5329" started-at="2022-05-19T14:44:07Z" finished-at="2022-05-19T14:44:12Z">
          <reporter-output>
          </reporter-output>
        </test-method> <!-- Tc3 -->
        <test-method status="PASS" signature="endTime()[pri:0, instance:org.login.TreeManager@20e2cbe0]" name="endTime" is-config="true" duration-ms="0" started-at="2022-05-19T14:44:12Z" finished-at="2022-05-19T14:44:12Z">
          <reporter-output>
          </reporter-output>
        </test-method> <!-- endTime -->
        <test-method status="PASS" signature="Tc4()[pri:0, instance:org.login.TreeManager@20e2cbe0]" name="Tc4" duration-ms="4931" started-at="2022-05-19T14:44:12Z" finished-at="2022-05-19T14:44:17Z">
          <reporter-output>
          </reporter-output>
        </test-method> <!-- Tc4 -->
        <test-method status="PASS" signature="startTime()[pri:0, instance:org.login.TreeManager@20e2cbe0]" name="startTime" is-config="true" duration-ms="0" started-at="2022-05-19T14:44:12Z" finished-at="2022-05-19T14:44:12Z">
          <reporter-output>
          </reporter-output>
        </test-method> <!-- startTime -->
        <test-method status="PASS" signature="endTime()[pri:0, instance:org.login.TreeManager@20e2cbe0]" name="endTime" is-config="true" duration-ms="0" started-at="2022-05-19T14:44:17Z" finished-at="2022-05-19T14:44:17Z">
          <reporter-output>
          </reporter-output>
        </test-method> <!-- endTime -->
        <test-method status="PASS" signature="closeBrowser()[pri:0, instance:org.login.TreeManager@20e2cbe0]" name="closeBrowser" is-config="true" duration-ms="445" started-at="2022-05-19T14:44:17Z" finished-at="2022-05-19T14:44:17Z">
          <reporter-output>
          </reporter-output>
        </test-method> <!-- closeBrowser -->
      </class> <!-- org.login.TreeManager -->
    </test> <!-- Test -->
  </suite> <!-- Suite -->
</testng-results>
